<?xml version="1.0" encoding="UTF-8"?>
<testsuite xmlns:xsi="http://www.w3.org/2001/XMLSchema-instance" xsi:noNamespaceSchemaLocation="https://maven.apache.org/surefire/maven-surefire-plugin/xsd/surefire-test-report-3.0.xsd" version="3.0" name="mainTest.AplicacionTest" time="7.641" tests="1" errors="0" skipped="0" failures="0">
  <properties>
[...]
</properties>
  <testcase name="testMain" classname="mainTest.AplicacionTest" time="7.622">
    <system-out><![CDATA[Iniciando el procesamiento...
Leyendo el archivo XML y almacenando los datos...
Contrato insertado correctamente: B41138447
Contrato insertado correctamente: B41830373
Contrato insertado correctamente: A41244161
Contrato insertado correctamente: B41138447
Contrato insertado correctamente: A41057597
Contrato insertado correctamente: B41830373
Contrato insertado correctamente: A41244161
Contrato insertado correctamente: A41244161
Contrato insertado correctamente: B41138447
Contrato insertado correctamente: A79707345
Contrato insertado correctamente: B41138447
Contrato insertado correctamente: B41830373
Contrato insertado correctamente: A59913509
Contrato insertado correctamente: A28017895
Contrato insertado correctamente: A28017895
Contrato insertado correctamente: A59913509
Contrato insertado correctamente: B41138447
Contrato insertado correctamente: A79707345
Contrato insertado correctamente: A41057597
Contrato insertado correctamente: A28017895
Contrato insertado correctamente: B41138447
Contrato insertado correctamente: A79707345
Contrato insertado correctamente: A59913509
Contrato insertado correctamente: B41501388
Contrato insertado correctamente: A78990413
Contrato insertado correctamente: A59913509
Contrato insertado correctamente: B91240754
Contrato insertado correctamente: B93015840
Contrato insertado correctamente: B41075250
Contrato insertado correctamente: A41244161
Contrato insertado correctamente: A41244161
Contrato insertado correctamente: B41138447
Contrato insertado correctamente: A41057597
Contrato insertado correctamente: A79707345
Contrato insertado correctamente: B41830373
Contrato insertado correctamente: A28017895
Contrato insertado correctamente: A41244161
Contrato insertado correctamente: A41244161
Contrato insertado correctamente: A59913509
Contrato insertado correctamente: B62473780
Contrato insertado correctamente: A41057597
Contrato insertado correctamente: A59913509
Contrato insertado correctamente: B41501388
Contrato insertado correctamente: B41501388
Contrato insertado correctamente: B41501388
Contrato insertado correctamente: B41501388
Contrato insertado correctamente: B41501388
Contrato insertado correctamente: B93015840
Contrato insertado correctamente: B41501388
Contrato insertado correctamente: B41075250
Contrato insertado correctamente: 28489057S
Contrato insertado correctamente: J38460408
Contrato insertado correctamente: A28017895
Contrato insertado correctamente: B41501388
Contrato insertado correctamente: B82746496
Contrato insertado correctamente: B91447193
Contrato insertado correctamente: A41244161
Contrato insertado correctamente: A41057597
Contrato insertado correctamente: B41075250
Contrato insertado correctamente: A79707345
Contrato insertado correctamente: J91506980
Contrato insertado correctamente: B41501388
Contrato insertado correctamente: A59913509
Contrato insertado correctamente: B41075250
Contrato insertado correctamente: A41244161
Contrato insertado correctamente: B41884032
Contrato insertado correctamente: B84428754
Contrato insertado correctamente: A59913509
Contrato insertado correctamente: A78032315
Contrato insertado correctamente: B41501388
Contrato insertado correctamente: A41057597
Contrato insertado correctamente: B41075251
Contrato insertado correctamente: B41075252
Contrato insertado correctamente: B41075253
Contrato insertado correctamente: B41075254
Contrato insertado correctamente: B41501388
Contrato insertado correctamente: B41501388
Contrato insertado correctamente: B41765843
Contrato insertado correctamente: A41121336
Contrato insertado correctamente: B41766833
Contrato insertado correctamente: B41075250
Contrato insertado correctamente: B41764986
Contrato insertado correctamente: A28855260
Contrato insertado correctamente: A25027145
Contrato insertado correctamente: B91447193
Contrato insertado correctamente: B28260933
Contrato insertado correctamente: A28017895
Contrato insertado correctamente: A28017895
Contrato insertado correctamente: A28017895
Contrato insertado correctamente: B41830373
Contrato insertado correctamente: A79707345
Contrato insertado correctamente: B41766833
Contrato insertado correctamente: ***8905**
Contrato insertado correctamente: ***4004**
Contrato insertado correctamente: B41884032
Contrato insertado correctamente: B93015840
Contrato insertado correctamente: A80298839
Contrato insertado correctamente: A80298839
Contrato insertado correctamente: ***3297**
Contrato insertado correctamente: ***8905**
Contrato insertado correctamente: 27289260J
Contrato insertado correctamente: A41057597
Contrato insertado correctamente: A28017895
Contrato insertado correctamente: ***8905**
Contrato insertado correctamente: ***8926**
Contrato insertado correctamente: B41075250
Contrato insertado correctamente: B41075250
Contrato insertado correctamente: A41057597
Contrato insertado correctamente: B41501388
Contrato insertado correctamente: A79707345
Contrato insertado correctamente: B91104372
Contrato insertado correctamente: ***8905**
Contrato insertado correctamente: B18292276
Contrato insertado correctamente: ***7444**
Contrato insertado correctamente: B41501388
Contrato insertado correctamente: B41075250
Contrato insertado correctamente: A79707345
Contrato insertado correctamente: A41057597
Contrato insertado correctamente: J41766551
Contrato insertado correctamente: B59094870
Contrato insertado correctamente: A79707345
Contrato insertado correctamente: A28017895
Contrato insertado correctamente: B41136193
Contrato insertado correctamente: A18012484
Contrato insertado correctamente: B41501388
Contrato insertado correctamente: A59913509
Contrato insertado correctamente: A28784957
Contrato insertado correctamente: B41501388
Contrato insertado correctamente: B41501388
Contrato insertado correctamente: B41501388
Contrato insertado correctamente: A79707345
Contrato insertado correctamente: A41057597
Contrato insertado correctamente: A59913509
Contrato insertado correctamente: B41501388
Contrato insertado correctamente: J41651464
Contrato insertado correctamente: A79707345
Contrato insertado correctamente: B41501388
Contrato insertado correctamente: A41244161
Contrato insertado correctamente: B14542690 
Contrato insertado correctamente: A79707345
Contrato insertado correctamente: B14404065
Contrato insertado correctamente: A41057597
Contrato insertado correctamente: B41501388
Contrato insertado correctamente: A28017895
Contrato insertado correctamente: A28017895
Contrato insertado correctamente: B41075250
Contrato insertado correctamente: B41501388
Contrato insertado correctamente: B31002330
Contrato insertado correctamente: B41830373
Contrato insertado correctamente: B91846006
Contrato insertado correctamente: B41501388
Contrato insertado correctamente: B41075250
Contrato insertado correctamente: ***2936**
Contrato insertado correctamente: J41651464
Contrato insertado correctamente: B19598028
Contrato insertado correctamente: B90045709
Contrato insertado correctamente: G41507112 
Contrato insertado correctamente: A41397514 
Contrato insertado correctamente: B28260933
Contrato insertado correctamente: B41830373
Contrato insertado correctamente: B41501388
Contrato insertado correctamente: B14404065
Contrato insertado correctamente: A41057597
Contrato insertado correctamente: A79707345
Contrato insertado correctamente: B19598028
Contrato insertado correctamente: B41075250
Contrato insertado correctamente: B41136193
Contrato insertado correctamente: B41501388
Contrato insertado correctamente: A59913509
Contrato insertado correctamente: B41075250
Contrato insertado correctamente: A41057597
Contrato insertado correctamente: A79707345
Contrato insertado correctamente: A28017895
Contrato insertado correctamente: A28017895
Contrato insertado correctamente: A28017895
Contrato insertado correctamente: B41501388
Contrato insertado correctamente: B41501388
Contrato insertado correctamente: B41501388
Contrato insertado correctamente: B41766833
Contrato insertado correctamente: A41244161
Contrato insertado correctamente: A41244161
Contrato insertado correctamente: B18283036
Contrato insertado correctamente: B82080177
Contrato insertado correctamente: B91172296
Contrato insertado correctamente: A25027145
Contrato insertado correctamente: A84809953
Contrato insertado correctamente: A79707345
Contrato insertado correctamente: B18283036
Contrato insertado correctamente: B18283036
Contrato insertado correctamente: A41057597
Contrato insertado correctamente: B91571596
Contrato insertado correctamente: A59913509
Contrato insertado correctamente: B18283036
Contrato insertado correctamente: B18283036
Contrato insertado correctamente: A41244161
Contrato insertado correctamente: B41136193
Contrato insertado correctamente: B41830373
Contrato insertado correctamente: A79707345
Contrato insertado correctamente: A41057597
Contrato insertado correctamente: B41501388
Contrato insertado correctamente: B90037649
Contrato insertado correctamente: A81962201
Contrato insertado correctamente: B14404065
Contrato insertado correctamente: A79707345
Contrato insertado correctamente: B41501388
Contrato insertado correctamente: B91104372
Contrato insertado correctamente: A28017895
Contrato insertado correctamente: A28017895
Contrato insertado correctamente: B18283036
Contrato insertado correctamente: B41472192
Contrato insertado correctamente: B41501388
Contrato insertado correctamente: A41244161
Contrato insertado correctamente: A41244161
Contrato insertado correctamente: A79707345
Contrato insertado correctamente: B41830373
Contrato insertado correctamente: A41244161
Contrato insertado correctamente: B41951328
Contrato insertado correctamente: J41651464
Contrato insertado correctamente: A59913509
Contrato insertado correctamente: B41138447
Contrato insertado correctamente: ***2936**
Contrato insertado correctamente: B78107158
Contrato insertado correctamente: A79707345
Contrato insertado correctamente: A28122125
Contrato insertado correctamente: B90042938
Contrato insertado correctamente: B41981549
Contrato insertado correctamente: A81962201
Contrato insertado correctamente: B41498585
Contrato insertado correctamente: A79707345
Contrato insertado correctamente: ***8424**
Contrato insertado correctamente: B41075250
Contrato insertado correctamente: A41057597
Contrato insertado correctamente: B41498585
Contrato insertado correctamente: A28017895
Contrato insertado correctamente: A28017895
Contrato insertado correctamente: B18283036
Contrato insertado correctamente: A41057597
Contrato insertado correctamente: B91686030
Contrato insertado correctamente: B41472192
Contrato insertado correctamente: A28017895
Contrato insertado correctamente: B41136193
Contrato insertado correctamente: A79707345
Contrato insertado correctamente: A28122125
Contrato insertado correctamente: A41244161
Contrato insertado correctamente: A28017895
Contrato insertado correctamente: B14404065
Contrato insertado correctamente: A59913509
Contrato insertado correctamente: A59913509
Contrato insertado correctamente: B11201787
Contrato insertado correctamente: A79707345
Contrato insertado correctamente: ***2936**
Contrato insertado correctamente: A41057597
Contrato insertado correctamente: B41472192
Contrato insertado correctamente: A41121336
Contrato insertado correctamente: B41501388
Contrato insertado correctamente: A79707345
Contrato insertado correctamente: A79707345
Contrato insertado correctamente: A28122125
Contrato insertado correctamente: A25027145
Contrato insertado correctamente: ***3427**
Contrato insertado correctamente: ***1450**
Contrato insertado correctamente: ***6074**
Contrato insertado correctamente: ***3215**
Contrato insertado correctamente: ***3242**
Contrato insertado correctamente: ***7123**
Contrato insertado correctamente: ***2386**
Contrato insertado correctamente: ***0917**
Contrato insertado correctamente: ***3562**
Contrato insertado correctamente: ***3438**
Contrato insertado correctamente: ***9507**
Contrato insertado correctamente: ***4184**
Contrato insertado correctamente: ***6524**
Contrato insertado correctamente: ***2331**
Contrato insertado correctamente: ***0847**
Contrato insertado correctamente: B41501388
Contrato insertado correctamente: B90381229
Contrato insertado correctamente: B13522271
Contrato insertado correctamente: ***8258**
Contrato insertado correctamente: A79707345
Contrato insertado correctamente: B18283036
Contrato insertado correctamente: A41244161
Contrato insertado correctamente: B41075250
Contrato insertado correctamente: B41830373
Contrato insertado correctamente: A41057597
Contrato insertado correctamente: B43067586
Contrato insertado correctamente: A28017895
Contrato insertado correctamente: B23334964
Contrato insertado correctamente: B91346890
Contrato insertado correctamente: B28260933
Contrato insertado correctamente: B18283036
Contrato insertado correctamente: A79707345
Contrato insertado correctamente: B14404065
Contrato insertado correctamente: B18283036
Contrato insertado correctamente: B18283036
Contrato insertado correctamente: B82080177
Contrato insertado correctamente: A41244161
Contrato insertado correctamente: 28489057S 
Contrato insertado correctamente: B41075250
Contrato insertado correctamente: 28489058S 
Contrato insertado correctamente: A59913509
Contrato insertado correctamente: B41075250
Contrato insertado correctamente: 28489059S 
Contrato insertado correctamente: A81962201
Contrato insertado correctamente: B18283036
Contrato insertado correctamente: A41057597
Contrato insertado correctamente: A79707345
Contrato insertado correctamente: A59913509
Contrato insertado correctamente: B41075250
Contrato insertado correctamente: B41075250
Contrato insertado correctamente: B41075250
Contrato insertado correctamente: A28017895
Contrato insertado correctamente: B41472192
Contrato insertado correctamente: B14404065
Contrato insertado correctamente: B41501388
Contrato insertado correctamente: A79707345
Contrato insertado correctamente: A41057597
Contrato insertado correctamente: B41075250
Contrato insertado correctamente: B41075250
Contrato insertado correctamente: B41075250
Contrato insertado correctamente: 31252079R
Contrato insertado correctamente: 31252079R
Contrato insertado correctamente: ***5199**
Contrato insertado correctamente: A79707345
Contrato insertado correctamente: A79707345
Contrato insertado correctamente: B91495036
Contrato insertado correctamente: ***8905**
Contrato insertado correctamente: B18283036
Contrato insertado correctamente: A79707345
Contrato insertado correctamente: A41057597
Contrato insertado correctamente: A59913509
Contrato insertado correctamente: A59913509
Contrato insertado correctamente: ***2936**
Contrato insertado correctamente: B82080177
Contrato insertado correctamente: A79707345
Contrato insertado correctamente: B41472192
Contrato insertado correctamente: B91510172
Contrato insertado correctamente: B41498585
Contrato insertado correctamente: A41121336
Contrato insertado correctamente: A28017895
Contrato insertado correctamente: A79707345
Contrato insertado correctamente: B14404065
Contrato insertado correctamente: B82080177
Contrato insertado correctamente: B82080177
Contrato insertado correctamente: A41057597
Contrato insertado correctamente: A41244161
Contrato insertado correctamente: A59913509
Contrato insertado correctamente: B91346890
Contrato insertado correctamente: B41520859
Contrato insertado correctamente: B90381229
Contrato insertado correctamente: A59913509
Contrato insertado correctamente: A83052407
Contrato insertado correctamente: B91909259
Contrato insertado correctamente: A80364243
Contrato insertado correctamente: ***7190**
Contrato insertado correctamente: A28017895
Contrato insertado correctamente: ***7154**
Contrato insertado correctamente: ***2312**
Contrato insertado correctamente: A41244161
Contrato insertado correctamente: B41501388
Contrato insertado correctamente: B91512095
Contrato insertado correctamente: B41620709
Contrato insertado correctamente: ***3064**
Contrato insertado correctamente: B41766833
Contrato insertado correctamente: B41766833
Contrato insertado correctamente: B14404065
Contrato insertado correctamente: B18283036
Contrato insertado correctamente: A41057597
Contrato insertado correctamente: A78032315
Contrato insertado correctamente: B41501388
Contrato insertado correctamente: ***2312**
Contrato insertado correctamente: B91512095
Contrato insertado correctamente: B14404065
Contrato insertado correctamente: B41620709
Contrato insertado correctamente: A28017895
Contrato insertado correctamente: A28017895
Contrato insertado correctamente: B93547974
Contrato insertado correctamente: B41501388
Contrato insertado correctamente: B41785445
Contrato insertado correctamente: B18283036
Contrato insertado correctamente: A41057597
Contrato insertado correctamente: B41136193
Contrato insertado correctamente: B41779349
Contrato insertado correctamente: ***2936**
Contrato insertado correctamente: A28017895
Contrato insertado correctamente: B91447193
Contrato insertado correctamente: B41501388
Contrato insertado correctamente: A79252219
Contrato insertado correctamente: B91677450
Contrato insertado correctamente: B28260933
Contrato insertado correctamente: B93015840
Contrato insertado correctamente: A79707345
Contrato insertado correctamente: B91909259
Contrato insertado correctamente: A41244161
Contrato insertado correctamente: A78032315
Contrato insertado correctamente: A41057597
Contrato insertado correctamente: B31206287
Contrato insertado correctamente: A79267126
Contrato insertado correctamente: ***9588**
Contrato insertado correctamente: B14404065
Contrato insertado correctamente: A28017895
Contrato insertado correctamente: A81962201
Contrato insertado correctamente: B18283036
Contrato insertado correctamente: ***2936**
Contrato insertado correctamente: A78032315
Contrato insertado correctamente: B41075250
Contrato insertado correctamente: B41723404
Contrato insertado correctamente: B41075250
Contrato insertado correctamente: A41115320
Contrato insertado correctamente: A-86376803
Contrato insertado correctamente: B31206287
Contrato insertado correctamente: B31206287
Contrato insertado correctamente: A80364243
Contrato insertado correctamente: B18283036
Contrato insertado correctamente: B91447193
Contrato insertado correctamente: A28472819
Contrato insertado correctamente: A80364243
Contrato insertado correctamente: B18283036
Contrato insertado correctamente: B18283036
Contrato insertado correctamente: B14404065
Contrato insertado correctamente: A28017895
Contrato insertado correctamente: B41024704
Contrato insertado correctamente: B91549741
Contrato insertado correctamente: B41831553
Contrato insertado correctamente: B64291107
Contrato insertado correctamente: B82080177
Contrato insertado correctamente: A41244161
Contrato insertado correctamente: B41485228
Contrato insertado correctamente: A28017895
Contrato insertado correctamente: B41501388
Contrato insertado correctamente: B46001897
Contrato insertado correctamente: A04038014
Contrato insertado correctamente: B91541540
Contrato insertado correctamente: B91541540
Contrato insertado correctamente: B41485228
Contrato insertado correctamente: B90059387
Contrato insertado correctamente: B14404065
Contrato insertado correctamente: B29361896
Contrato insertado correctamente: A41244161
Contrato insertado correctamente: A28017895
Contrato insertado correctamente: ***7003**
Contrato insertado correctamente: B28260933
Contrato insertado correctamente: B41501388
Contrato insertado correctamente: B18283036
Contrato insertado correctamente: B98844574
Contrato insertado correctamente: A80364243
Contrato insertado correctamente: A25027145
Contrato insertado correctamente: B43067586
Contrato insertado correctamente: B14404065
Contrato insertado correctamente: ***0478**
Contrato insertado correctamente: B91549741
Contrato insertado correctamente: B41501388
Contrato insertado correctamente: B41075250
Contrato insertado correctamente: B29361896
Contrato insertado correctamente: A29584315
Contrato insertado correctamente: B83029439
Contrato insertado correctamente: B98751472
Contrato insertado correctamente: B31206287
Contrato insertado correctamente: ***9588**
Contrato insertado correctamente: A28017895
Contrato insertado correctamente: A86376803
Contrato insertado correctamente: A78053147
Contrato insertado correctamente: B91677450
Contrato insertado correctamente: ***2235**
Contrato insertado correctamente: A28017895
Contrato insertado correctamente: B82080177
Contrato insertado correctamente: B21521307
Contrato insertado correctamente: ***3970**
Contrato insertado correctamente: B41501388
Contrato insertado correctamente: A41397514
Contrato insertado correctamente: A41244161
Contrato insertado correctamente: B18283036
Contrato insertado correctamente: B83029439
Contrato insertado correctamente: B14404065
Contrato insertado correctamente: B29361896
Contrato insertado correctamente: B91677450
Contrato insertado correctamente: A86376803
Contrato insertado correctamente: B91388439
Contrato insertado correctamente: B46001897
Contrato insertado correctamente: B90309790
Contrato insertado correctamente: B31206287
Contrato insertado correctamente: A78032315
Contrato insertado correctamente: B81644387
Contrato insertado correctamente: ***9588**
Contrato insertado correctamente: B41075250
Contrato insertado correctamente: B90161704
Contrato insertado correctamente: A79707345
Contrato insertado correctamente: B18283036
Contrato insertado correctamente: B91909259
Contrato insertado correctamente: B29361896
Contrato insertado correctamente: B11721610
Contrato insertado correctamente: A81962201
Contrato insertado correctamente: B41075250
Contrato insertado correctamente: B01883677
Contrato insertado correctamente: A83052407
Contrato insertado correctamente: A83052407
Contrato insertado correctamente: A59913509
Contrato insertado correctamente: B29361896
Contrato insertado correctamente: A28017895
Contrato insertado correctamente: B41520859
Contrato insertado correctamente: A41244161
Contrato insertado correctamente: A58417346
Contrato insertado correctamente: B41723404
Contrato insertado correctamente: B41785445
Contrato insertado correctamente: ***2312**
Contrato insertado correctamente: B11721610
Contrato insertado correctamente: A59913509
Contrato insertado correctamente: B91388439
Contrato insertado correctamente: A79707345
Contrato insertado correctamente: A59913509
Contrato insertado correctamente: A28017895
Contrato insertado correctamente: A80364243
Contrato insertado correctamente: B90064866
Contrato insertado correctamente: B91602938
Contrato insertado correctamente: A59913509
Contrato insertado correctamente: B91541540
Contrato insertado correctamente: B41951328
Contrato insertado correctamente: B18283036
Contrato insertado correctamente: B97561476
Contrato insertado correctamente: B91388439
Contrato insertado correctamente: ***4157**
Contrato insertado correctamente: B41501388
Contrato insertado correctamente: B14404065
Contrato insertado correctamente: B41075250
Contrato insertado correctamente: B41951328
Contrato insertado correctamente: B41501388
Contrato insertado correctamente: A28017895
Contrato insertado correctamente: B91677450
Contrato insertado correctamente: B41075250
Contrato insertado correctamente: A78032315
Contrato insertado correctamente: A78032315
Contrato insertado correctamente: A78053147
Contrato insertado correctamente: A79267126
Contrato insertado correctamente: B91219758
Contrato insertado correctamente: A79267126
Contrato insertado correctamente: B91447193
Contrato insertado correctamente: A25027145 SERVICIOS MICROINFORMÁTICOS, S.A.
Contrato insertado correctamente: A25027145 SERVICIOS MICROINFORMÁTICOS, S.A.
Contrato insertado correctamente: ***3518**
Contrato insertado correctamente: A25027145 SERVICIOS MICROINFORMÁTICOS, S.A.
Contrato insertado correctamente: B98513260
Contrato insertado correctamente: B90059387
Contrato insertado correctamente: B91388439
Contrato insertado correctamente: B29361896
Contrato insertado correctamente: B91802868
Contrato insertado correctamente: B29361896
Contrato insertado correctamente: B91733824
Contrato insertado correctamente: B41501388
Contrato insertado correctamente: A78053147
Contrato insertado correctamente: B41744095
Contrato insertado correctamente: B02991099
Contrato insertado correctamente: B41501388
Contrato insertado correctamente: B43067586
Contrato insertado correctamente: B41420431
Contrato insertado correctamente: A28017895
Contrato insertado correctamente: A41244161
Contrato insertado correctamente: B90343211
Contrato insertado correctamente: B29361896
Contrato insertado correctamente: B14404065
Contrato insertado correctamente: 28871906Y
Contrato insertado correctamente: A79935607
Contrato insertado correctamente: B23702137
Contrato insertado correctamente: B42803585
Contrato insertado correctamente: B91677450
Contrato insertado correctamente: B41501388
Contrato insertado correctamente: A82856667
Contrato insertado correctamente: B91677450
Contrato insertado correctamente: B91909259
Contrato insertado correctamente: B64161250
Contrato insertado correctamente: B83029439
Contrato insertado correctamente: B42803585
Contrato insertado correctamente: A81962201
Contrato insertado correctamente: ***4157**
Contrato insertado correctamente: A78032315
Contrato insertado correctamente: B35595578
Contrato insertado correctamente: B41485228
Contrato insertado correctamente: B41501388
Contrato insertado correctamente: B91549741
Contrato insertado correctamente: ***7336**
Contrato insertado correctamente: B29361896
Contrato insertado correctamente: B18283036
Contrato insertado correctamente: A28017895
Contrato insertado correctamente: E91300343
Contrato insertado correctamente: A41391194
Contrato insertado correctamente: A58417346
Contrato insertado correctamente: B14573018
Contrato insertado correctamente: B41785445
Contrato insertado correctamente: B29361896
Contrato insertado correctamente: B91962043
Contrato insertado correctamente: B14573018
Contrato insertado correctamente: A41244161
Contrato insertado correctamente: B14573018
Contrato insertado correctamente: A59913509
Contrato insertado correctamente: A86376803
Contrato insertado correctamente: B41485228
Contrato insertado correctamente: A28017895
Contrato insertado correctamente: B41501388
Contrato insertado correctamente: B14573018
Contrato insertado correctamente: A82527458
Contrato insertado correctamente: A80364243
Contrato insertado correctamente: A80364243
Contrato insertado correctamente: B91447193
Contrato insertado correctamente: A78032315
Contrato insertado correctamente: B46001897
Contrato insertado correctamente: A84809565
Contrato insertado correctamente: B90059387
Contrato insertado correctamente: B91346890
Contrato insertado correctamente: A80364243
Contrato insertado correctamente: A86376803
Contrato insertado correctamente: B41766833
Contrato insertado correctamente: ***7003**
Contrato insertado correctamente: B41501388
Contrato insertado correctamente: B14573018
Contrato insertado correctamente: B41766833
Contrato insertado correctamente: B41766833
Contrato insertado correctamente: B14573018
Contrato insertado correctamente: B14573018
Contrato insertado correctamente: B91802868
Contrato insertado correctamente: B14573018
Contrato insertado correctamente: A41244161
Contrato insertado correctamente: A28017895
Contrato insertado correctamente: B83029439
Contrato insertado correctamente: B14404065
Contrato insertado correctamente: B21521307
Contrato insertado correctamente: B29361896
Contrato insertado correctamente: A82527458
Contrato insertado correctamente: B98751472
Contrato insertado correctamente: B91909259
Contrato insertado correctamente: B91677450
Contrato insertado correctamente: ***2312**
Contrato insertado correctamente: A86376803
Contrato insertado correctamente: B46001897
Contrato insertado correctamente: B14573018
Contrato insertado correctamente: B46001897
Contrato insertado correctamente: B91447193
Contrato insertado correctamente: A86376803
Contrato insertado correctamente: B98751472
Contrato insertado correctamente: B91909259
Contrato insertado correctamente: B83029439
Contrato insertado correctamente: A81962201
Contrato insertado correctamente: A83052407
Contrato insertado correctamente: A83052407
Contrato insertado correctamente: B14404065
Contrato insertado correctamente: B91549741
Contrato insertado correctamente: A20038915
Contrato insertado correctamente: A28017895
Contrato insertado correctamente: B64291107
Contrato insertado correctamente: A58417346
Contrato insertado correctamente: B41785445
Contrato insertado correctamente: B18283036
Contrato insertado correctamente: B42803585
Contrato insertado correctamente: B91447193
Contrato insertado correctamente: A28017895
Contrato insertado correctamente: B91854513
Contrato insertado correctamente: ***5682**
Contrato insertado correctamente: A59913509
Contrato insertado correctamente: B41420431
Contrato insertado correctamente: ***3844**
Contrato insertado correctamente: B07012107
Contrato insertado correctamente: A59913509
Contrato insertado correctamente: A86376803
Contrato insertado correctamente: A86376803
Contrato insertado correctamente: B29361896
Contrato insertado correctamente: B91346890
Contrato insertado correctamente: B48465066
Contrato insertado correctamente: A82527458
Contrato insertado correctamente: A79267126
Contrato insertado correctamente: A79267126
Contrato insertado correctamente: B90059387
Contrato insertado correctamente: B14573018
Contrato insertado correctamente: B41075250
Contrato insertado correctamente: ***7190**
Contrato insertado correctamente: A95758389
Contrato insertado correctamente: B97673453
Contrato insertado correctamente: A28017895
Contrato insertado correctamente: B14404065
Contrato insertado correctamente: A78053147
Contrato insertado correctamente: A87045498
Contrato insertado correctamente: B91802868
Contrato insertado correctamente: B41501388
Contrato insertado correctamente: B88557061
Contrato insertado correctamente: B41951328
Contrato insertado correctamente: B62311626
Contrato insertado correctamente: B91677450
Contrato insertado correctamente: B56098619
Contrato insertado correctamente: B41485228
Contrato insertado correctamente: B41620709
Contrato insertado correctamente: B46001897
Contrato insertado correctamente: A87045498
Contrato insertado correctamente: B46001897
Contrato insertado correctamente: B35595578
Contrato insertado correctamente: B14573018
Contrato insertado correctamente: B91909259
Contrato insertado correctamente: A28017895
Contrato insertado correctamente: B14573018
Contrato insertado correctamente: A81962201
Contrato insertado correctamente: B14573018
Contrato insertado correctamente: B23739493
Contrato insertado correctamente: A18042234
Recuperando datos desde la base de datos...
Generando el archivo XML de salida...
Archivo XML de salida creado: src/test/resources/contratos_adjudicados_salida_test.xml
Procesamiento completado.
]]></system-out>
  </testcase>
</testsuite>